<?xml version="1.0" encoding="UTF-8"?>
<!-- Generated by org.testng.reporters.JUnitXMLReporter -->
<testsuite ignored="0" hostname="DESKTOP-V3TS40K" failures="2" tests="82" name="Test" time="493.833" errors="0" timestamp="2022-12-17T20:57:01 CET">
  <testcase classname="Selenium.CroatiaDirect.WishlistTest" name="addPropertyToWishList" time="15.559"/>
  <testcase classname="Selenium.CroatiaDirect.SortingSearchResultsTest" name="checkResultsAreSorted" time="16.929"/>
  <testcase classname="Selenium.CroatiaDirect.CountryCurrencyTest" name="convertPricesToSelectedCurrency" time="18.539"/>
  <testcase classname="Selenium.CroatiaDirect.SortingSearchResultsTest" name="checkResultsAreSorted" time="10.31"/>
  <testcase classname="Selenium.CroatiaDirect.CountryCurrencyTest" name="convertPricesToSelectedCurrency" time="16.785"/>
  <testcase classname="Selenium.CroatiaDirect.WishlistTest" name="removeAllPropertiesFromWishList" time="23.361"/>
  <testcase classname="Selenium.CroatiaDirect.SortingSearchResultsTest" name="checkResultsAreSorted" time="11.36"/>
  <testcase classname="Selenium.CroatiaDirect.CountryCurrencyTest" name="convertPricesToSelectedCurrency" time="11.165"/>
  <testcase classname="Selenium.CroatiaDirect.SortingSearchResultsTest" name="checkResultsAreSorted" time="8.739"/>
  <testcase classname="Selenium.CroatiaDirect.WishlistTest" name="removePropertyFromWishList" time="18.447"/>
  <testcase classname="Selenium.CroatiaDirect.CountryCurrencyTest" name="convertPricesToSelectedCurrency" time="8.946"/>
  <testcase classname="Selenium.CroatiaDirect.SortingSearchResultsTest" name="checkResultsAreSorted" time="9.889"/>
  <testcase classname="Selenium.CroatiaDirect.WishlistTest" name="removePropertyFromWishListUsingProfilePage" time="12.87">
    <failure type="java.lang.AssertionError" message="expected [false] but found [true]">
      <![CDATA[java.lang.AssertionError: expected [false] but found [true]
at Selenium.CroatiaDirect.WishlistTest.removePropertyFromWishListUsingProfilePage(WishlistTest.java:35)
at java.base/java.util.concurrent.ThreadPoolExecutor.runWorker(ThreadPoolExecutor.java:1128)
at java.base/java.util.concurrent.ThreadPoolExecutor$Worker.run(ThreadPoolExecutor.java:628)
at java.base/java.lang.Thread.run(Thread.java:834)
... Removed 16 stack frames]]>
    </failure>
  </testcase> <!-- removePropertyFromWishListUsingProfilePage -->
  <testcase classname="Selenium.CroatiaDirect.CountryCurrencyTest" name="convertPricesToSelectedCurrency" time="11.404"/>
  <testcase classname="Selenium.CroatiaDirect.SortingSearchResultsTest" name="checkResultsAreSorted" time="11.771"/>
  <testcase classname="Selenium.CroatiaDirect.AccommodationSearchTest" name="checkNumberOfResultsFound" time="6.798"/>
  <testcase classname="Selenium.CroatiaDirect.CountryCurrencyTest" name="convertPricesToSelectedCurrency" time="11.903"/>
  <testcase classname="Selenium.CroatiaDirect.SortingSearchResultsTest" name="checkResultsAreSorted" time="9.57"/>
  <testcase classname="Selenium.CroatiaDirect.AccommodationSearchTest" name="checkNumberOfResultsFound" time="8.444"/>
  <testcase classname="Selenium.CroatiaDirect.CountryCurrencyTest" name="convertPricesToSelectedCurrency" time="12.293"/>
  <testcase classname="Selenium.CroatiaDirect.SortingSearchResultsTest" name="checkResultsAreSorted" time="9.066"/>
  <testcase classname="Selenium.CroatiaDirect.AccommodationSearchTest" name="checkNumberOfResultsFound" time="5.573"/>
  <testcase classname="Selenium.CroatiaDirect.AccommodationSearchTest" name="clickingDepartureDateBeforeArrival" time="6.683"/>
  <testcase classname="Selenium.CroatiaDirect.CountryCurrencyTest" name="convertPricesToSelectedCurrency" time="12.172"/>
  <testcase classname="Selenium.CroatiaDirect.PropertyInquiriesTest" name="sendInquiryUsingForm" time="19.844"/>
  <testcase classname="Selenium.CroatiaDirect.AccommodationSearchTest" name="noMatchingAccomodationMessageDisplayed" time="8.249"/>
  <testcase classname="Selenium.CroatiaDirect.CountryCurrencyTest" name="convertPricesToSelectedCurrency" time="14.497"/>
  <testcase classname="Selenium.CroatiaDirect.AccommodationSearchTest" name="pastDatesDisabled" time="3.961"/>
  <testcase classname="Selenium.CroatiaDirect.PropertyInquiriesTest" name="sendInquiryUsingUnitInquiryButton" time="22.545"/>
  <testcase classname="Selenium.CroatiaDirect.AccommodationSearchTest" name="searchFromCityInputField" time="8.865"/>
  <testcase classname="Selenium.CroatiaDirect.CountryCurrencyTest" name="convertPricesToSelectedCurrency" time="16.939"/>
  <testcase classname="Selenium.CroatiaDirect.AccommodationSearchTest" name="searchFromCityInputField" time="7.312"/>
  <testcase classname="Selenium.CroatiaDirect.CountryCurrencyTest" name="convertPricesToSelectedCurrency" time="19.15"/>
  <testcase classname="Selenium.CroatiaDirect.PropertyInquiriesTest" name="sendInquiryWithoutArrivalDate" time="22.082"/>
  <testcase classname="Selenium.CroatiaDirect.AccommodationSearchTest" name="searchFromCityInputField" time="9.041"/>
  <testcase classname="Selenium.CroatiaDirect.AccommodationSearchTest" name="searchFromDestinationDropdown" time="9.415"/>
  <testcase classname="Selenium.CroatiaDirect.CountryCurrencyTest" name="convertPricesToSelectedCurrency" time="13.97"/>
  <testcase classname="Selenium.CroatiaDirect.PropertyInquiriesTest" name="sendInquiryWithoutDepartureDate" time="20.226"/>
  <testcase classname="Selenium.CroatiaDirect.AccommodationSearchTest" name="searchFromDestinationDropdown" time="8.21"/>
  <testcase classname="Selenium.CroatiaDirect.CountryCurrencyTest" name="convertPricesToSelectedCurrency" time="11.437"/>
  <testcase classname="Selenium.CroatiaDirect.CountryCurrencyTest" name="selectCountryOnLandingPageAndVerifyCurrency" time="1.571"/>
  <testcase classname="Selenium.CroatiaDirect.AccommodationSearchTest" name="searchFromDestinationDropdown" time="9.854"/>
  <testcase classname="Selenium.CroatiaDirect.PropertyInquiriesTest" name="sendInquiryWithoutEmail" time="18.293"/>
  <testcase classname="Selenium.CroatiaDirect.CountryCurrencyTest" name="selectCountryOnLandingPageAndVerifyCurrency" time="2.18"/>
  <testcase classname="Selenium.CroatiaDirect.AccommodationSearchTest" name="searchNoDatesEntered" time="2.754"/>
  <testcase classname="Selenium.CroatiaDirect.CountryCurrencyTest" name="selectCountryOnLandingPageAndVerifyCurrency" time="2.604"/>
  <testcase classname="Selenium.CroatiaDirect.AccommodationSearchTest" name="searchNoDestinationEntered" time="2.269"/>
  <testcase classname="Selenium.CroatiaDirect.CountryCurrencyTest" name="selectCountryOnLandingPageAndVerifyCurrency" time="2.586"/>
  <testcase classname="Selenium.CroatiaDirect.AccommodationSearchTest" name="searchNoGuestNumberEntered" time="8.014"/>
  <testcase classname="Selenium.CroatiaDirect.CountryCurrencyTest" name="selectCountryOnLandingPageAndVerifyCurrency" time="2.242"/>
  <testcase classname="Selenium.CroatiaDirect.PropertyInquiriesTest" name="sendInquiryWithoutFirstName" time="19.667"/>
  <testcase classname="Selenium.CroatiaDirect.CountryCurrencyTest" name="selectCountryOnLandingPageAndVerifyCurrency" time="2.646"/>
  <testcase classname="Selenium.CroatiaDirect.CountryCurrencyTest" name="selectCountryOnLandingPageAndVerifyCurrency" time="2.145"/>
  <testcase classname="Selenium.CroatiaDirect.AccommodationSearchTest" name="searchOnAccomodationTypePages" time="16.452"/>
  <testcase classname="Selenium.CroatiaDirect.CountryCurrencyTest" name="selectCountryOnLandingPageAndVerifyCurrency" time="2.272"/>
  <testcase classname="Selenium.CroatiaDirect.PropertyInquiriesTest" name="sendInquiryWithoutInquiryTextFieldEntry" time="19.968"/>
  <testcase classname="Selenium.CroatiaDirect.CountryCurrencyTest" name="selectCountryOnLandingPageAndVerifyCurrency" time="2.221"/>
  <testcase classname="Selenium.CroatiaDirect.CountryCurrencyTest" name="selectCountryOnLandingPageAndVerifyCurrency" time="1.927"/>
  <testcase classname="Selenium.CroatiaDirect.AccommodationSearchTest" name="searchOnAccomodationTypePages" time="13.292"/>
  <testcase classname="Selenium.CroatiaDirect.CountryCurrencyTest" name="selectCountryOnLandingPageAndVerifyCurrency" time="2.391"/>
  <testcase classname="Selenium.CroatiaDirect.PropertyInquiriesTest" name="sendInquiryWithoutLastName" time="15.076"/>
  <testcase classname="Selenium.CroatiaDirect.CountryCurrencyTest" name="selectCountryOnLandingPageAndVerifyCurrency" time="1.995"/>
  <testcase classname="Selenium.CroatiaDirect.AccommodationSearchTest" name="searchOnAccomodationTypePages" time="13.157"/>
  <testcase classname="Selenium.CroatiaDirect.CountryCurrencyTest" name="selectCountryOnLandingPageAndVerifyCurrency" time="2.164"/>
  <testcase classname="Selenium.CroatiaDirect.PropertyInquiriesTest" name="sendInquiryWithoutNumberOfAdults" time="14.871"/>
  <testcase classname="Selenium.CroatiaDirect.AccommodationSearchTest" name="searchOnAccomodationTypePages" time="12.239"/>
  <testcase classname="Selenium.CroatiaDirect.CountryCurrencyTest" name="selectCurrencyAfterEnteringSearchCriteria" time="13.373">
    <failure type="java.lang.AssertionError" message="expected [true] but found [false]">
      <![CDATA[java.lang.AssertionError: expected [true] but found [false]
at Selenium.CroatiaDirect.CountryCurrencyTest.selectCurrencyAfterEnteringSearchCriteria(CountryCurrencyTest.java:49)
at java.base/java.util.concurrent.ThreadPoolExecutor.runWorker(ThreadPoolExecutor.java:1128)
at java.base/java.util.concurrent.ThreadPoolExecutor$Worker.run(ThreadPoolExecutor.java:628)
at java.base/java.lang.Thread.run(Thread.java:834)
... Removed 16 stack frames]]>
    </failure>
  </testcase> <!-- selectCurrencyAfterEnteringSearchCriteria -->
  <testcase classname="Selenium.CroatiaDirect.PropertyInquiriesTest" name="sendInquiryWithoutSelectingUnit" time="11.22"/>
  <testcase classname="Selenium.CroatiaDirect.CountryCurrencyTest" name="selectCurrencyBeforeSearch" time="4.018"/>
  <testcase classname="Selenium.CroatiaDirect.CountryCurrencyTest" name="selectCurrencyBeforeSearch" time="4.855"/>
  <testcase classname="Selenium.CroatiaDirect.CountryCurrencyTest" name="selectCurrencyBeforeSearch" time="4.646"/>
  <testcase classname="Selenium.CroatiaDirect.CountryCurrencyTest" name="selectCurrencyBeforeSearch" time="4.934"/>
  <testcase classname="Selenium.CroatiaDirect.AccommodationSearchTest" name="verifySearchBarAndAccomodationTypeDropdown" time="44.151"/>
  <testcase classname="Selenium.CroatiaDirect.CountryCurrencyTest" name="selectCurrencyBeforeSearch" time="6.647"/>
  <testcase classname="Selenium.CroatiaDirect.CountryCurrencyTest" name="selectCurrencyBeforeSearch" time="3.962"/>
  <testcase classname="Selenium.CroatiaDirect.CountryCurrencyTest" name="selectCurrencyBeforeSearch" time="4.006"/>
  <testcase classname="Selenium.CroatiaDirect.CountryCurrencyTest" name="selectCurrencyBeforeSearch" time="4.399"/>
  <testcase classname="Selenium.CroatiaDirect.CountryCurrencyTest" name="selectCurrencyBeforeSearch" time="6.342"/>
  <testcase classname="Selenium.CroatiaDirect.CountryCurrencyTest" name="selectCurrencyBeforeSearch" time="4.108"/>
  <testcase classname="Selenium.CroatiaDirect.CountryCurrencyTest" name="selectCurrencyBeforeSearch" time="4.063"/>
  <testcase classname="Selenium.CroatiaDirect.CountryCurrencyTest" name="selectCurrencyBeforeSearch" time="4.5"/>
  <testcase classname="Selenium.CroatiaDirect.CountryCurrencyTest" name="selectCurrencyBeforeSearch" time="4.266"/>
</testsuite> <!-- Test -->
