<?xml version="1.0" encoding="UTF-8"?>
<testsuite xmlns:xsi="http://www.w3.org/2001/XMLSchema-instance" xsi:noNamespaceSchemaLocation="https://maven.apache.org/surefire/maven-surefire-plugin/xsd/surefire-test-report.xsd" name="TestSuite" time="497.436" tests="82" errors="0" skipped="0" failures="2">
  <properties>
[...]
</properties>
  <testcase name="addPropertyToWishList" classname="Selenium.CroatiaDirect.WishlistTest" time="15.583"/>
  <testcase name="checkResultsAreSorted" classname="Selenium.CroatiaDirect.SortingSearchResultsTest" time="15.743"/>
  <testcase name="checkResultsAreSorted" classname="Selenium.CroatiaDirect.SortingSearchResultsTest" time="7.119"/>
  <testcase name="checkResultsAreSorted" classname="Selenium.CroatiaDirect.SortingSearchResultsTest" time="0.841"/>
  <testcase name="checkResultsAreSorted" classname="Selenium.CroatiaDirect.SortingSearchResultsTest" time="0.745"/>
  <testcase name="checkResultsAreSorted" classname="Selenium.CroatiaDirect.SortingSearchResultsTest" time="1.263"/>
  <testcase name="checkResultsAreSorted" classname="Selenium.CroatiaDirect.SortingSearchResultsTest" time="1.575"/>
  <testcase name="checkResultsAreSorted" classname="Selenium.CroatiaDirect.SortingSearchResultsTest" time="0.323"/>
  <testcase name="checkResultsAreSorted" classname="Selenium.CroatiaDirect.SortingSearchResultsTest" time="5.032"/>
  <testcase name="convertPricesToSelectedCurrency" classname="Selenium.CroatiaDirect.CountryCurrencyTest" time="17.601"/>
  <testcase name="convertPricesToSelectedCurrency" classname="Selenium.CroatiaDirect.CountryCurrencyTest" time="4.946"/>
  <testcase name="convertPricesToSelectedCurrency" classname="Selenium.CroatiaDirect.CountryCurrencyTest" time="2.864"/>
  <testcase name="convertPricesToSelectedCurrency" classname="Selenium.CroatiaDirect.CountryCurrencyTest" time="3.843"/>
  <testcase name="convertPricesToSelectedCurrency" classname="Selenium.CroatiaDirect.CountryCurrencyTest" time="3.779"/>
  <testcase name="convertPricesToSelectedCurrency" classname="Selenium.CroatiaDirect.CountryCurrencyTest" time="4.004"/>
  <testcase name="convertPricesToSelectedCurrency" classname="Selenium.CroatiaDirect.CountryCurrencyTest" time="3.36"/>
  <testcase name="convertPricesToSelectedCurrency" classname="Selenium.CroatiaDirect.CountryCurrencyTest" time="8.769"/>
  <testcase name="convertPricesToSelectedCurrency" classname="Selenium.CroatiaDirect.CountryCurrencyTest" time="2.678"/>
  <testcase name="convertPricesToSelectedCurrency" classname="Selenium.CroatiaDirect.CountryCurrencyTest" time="10.65"/>
  <testcase name="convertPricesToSelectedCurrency" classname="Selenium.CroatiaDirect.CountryCurrencyTest" time="7.577"/>
  <testcase name="convertPricesToSelectedCurrency" classname="Selenium.CroatiaDirect.CountryCurrencyTest" time="11.192"/>
  <testcase name="convertPricesToSelectedCurrency" classname="Selenium.CroatiaDirect.CountryCurrencyTest" time="0.989"/>
  <testcase name="removeAllPropertiesFromWishList" classname="Selenium.CroatiaDirect.WishlistTest" time="8.158"/>
  <testcase name="removePropertyFromWishList" classname="Selenium.CroatiaDirect.WishlistTest" time="4.789"/>
  <testcase name="removePropertyFromWishListUsingProfilePage" classname="Selenium.CroatiaDirect.WishlistTest" time="3.35">
    <failure message="expected [false] but found [true]" type="java.lang.AssertionError">java.lang.AssertionError: expected [false] but found [true]
	at Selenium.CroatiaDirect.WishlistTest.removePropertyFromWishListUsingProfilePage(WishlistTest.java:35)
</failure>
    <system-err><![CDATA[Starting ChromeDriver 108.0.5359.71 (1e0e3868ee06e91ad636a874420e3ca3ae3756ac-refs/branch-heads/5359@{#1016}) on port 35536
Only local connections are allowed.
Please see https://chromedriver.chromium.org/security-considerations for suggestions on keeping ChromeDriver safe.
ChromeDriver was started successfully.
dec 17, 2022 8:50:20 POPODNE org.openqa.selenium.devtools.CdpVersionFinder findNearestMatch
WARNING: Unable to find an exact match for CDP version 108, so returning the closest version found: 106
]]></system-err>
  </testcase>
  <testcase name="checkNumberOfResultsFound" classname="Selenium.CroatiaDirect.AccommodationSearchTest" time="0"/>
  <testcase name="checkNumberOfResultsFound" classname="Selenium.CroatiaDirect.AccommodationSearchTest" time="4.204"/>
  <testcase name="checkNumberOfResultsFound" classname="Selenium.CroatiaDirect.AccommodationSearchTest" time="5.576"/>
  <testcase name="clickingDepartureDateBeforeArrival" classname="Selenium.CroatiaDirect.AccommodationSearchTest" time="6.612"/>
  <testcase name="sendInquiryUsingForm" classname="Selenium.CroatiaDirect.PropertyInquiriesTest" time="5.342"/>
  <testcase name="noMatchingAccomodationMessageDisplayed" classname="Selenium.CroatiaDirect.AccommodationSearchTest" time="8.249"/>
  <testcase name="pastDatesDisabled" classname="Selenium.CroatiaDirect.AccommodationSearchTest" time="0.244"/>
  <testcase name="sendInquiryUsingUnitInquiryButton" classname="Selenium.CroatiaDirect.PropertyInquiriesTest" time="7.739"/>
  <testcase name="searchFromCityInputField" classname="Selenium.CroatiaDirect.AccommodationSearchTest" time="8.865"/>
  <testcase name="searchFromCityInputField" classname="Selenium.CroatiaDirect.AccommodationSearchTest" time="5.903"/>
  <testcase name="searchFromCityInputField" classname="Selenium.CroatiaDirect.AccommodationSearchTest" time="9.041"/>
  <testcase name="sendInquiryWithoutArrivalDate" classname="Selenium.CroatiaDirect.PropertyInquiriesTest" time="8.565"/>
  <testcase name="searchFromDestinationDropdown" classname="Selenium.CroatiaDirect.AccommodationSearchTest" time="9.155"/>
  <testcase name="searchFromDestinationDropdown" classname="Selenium.CroatiaDirect.AccommodationSearchTest" time="5.166"/>
  <testcase name="searchFromDestinationDropdown" classname="Selenium.CroatiaDirect.AccommodationSearchTest" time="4.122"/>
  <testcase name="sendInquiryWithoutDepartureDate" classname="Selenium.CroatiaDirect.PropertyInquiriesTest" time="3.101"/>
  <testcase name="selectCountryOnLandingPageAndVerifyCurrency" classname="Selenium.CroatiaDirect.CountryCurrencyTest" time="1.571"/>
  <testcase name="selectCountryOnLandingPageAndVerifyCurrency" classname="Selenium.CroatiaDirect.CountryCurrencyTest" time="1.136"/>
  <testcase name="selectCountryOnLandingPageAndVerifyCurrency" classname="Selenium.CroatiaDirect.CountryCurrencyTest" time="1.193"/>
  <testcase name="selectCountryOnLandingPageAndVerifyCurrency" classname="Selenium.CroatiaDirect.CountryCurrencyTest" time="0.904"/>
  <testcase name="selectCountryOnLandingPageAndVerifyCurrency" classname="Selenium.CroatiaDirect.CountryCurrencyTest" time="2.244"/>
  <testcase name="selectCountryOnLandingPageAndVerifyCurrency" classname="Selenium.CroatiaDirect.CountryCurrencyTest" time="2.629"/>
  <testcase name="selectCountryOnLandingPageAndVerifyCurrency" classname="Selenium.CroatiaDirect.CountryCurrencyTest" time="2.144"/>
  <testcase name="selectCountryOnLandingPageAndVerifyCurrency" classname="Selenium.CroatiaDirect.CountryCurrencyTest" time="2.272"/>
  <testcase name="selectCountryOnLandingPageAndVerifyCurrency" classname="Selenium.CroatiaDirect.CountryCurrencyTest" time="2.225"/>
  <testcase name="selectCountryOnLandingPageAndVerifyCurrency" classname="Selenium.CroatiaDirect.CountryCurrencyTest" time="1.927"/>
  <testcase name="selectCountryOnLandingPageAndVerifyCurrency" classname="Selenium.CroatiaDirect.CountryCurrencyTest" time="1.499"/>
  <testcase name="selectCountryOnLandingPageAndVerifyCurrency" classname="Selenium.CroatiaDirect.CountryCurrencyTest" time="0.084"/>
  <testcase name="selectCountryOnLandingPageAndVerifyCurrency" classname="Selenium.CroatiaDirect.CountryCurrencyTest" time="2.17"/>
  <testcase name="sendInquiryWithoutEmail" classname="Selenium.CroatiaDirect.PropertyInquiriesTest" time="0.738"/>
  <testcase name="searchNoDatesEntered" classname="Selenium.CroatiaDirect.AccommodationSearchTest" time="2.757"/>
  <testcase name="searchNoDestinationEntered" classname="Selenium.CroatiaDirect.AccommodationSearchTest" time="2.269"/>
  <testcase name="searchNoGuestNumberEntered" classname="Selenium.CroatiaDirect.AccommodationSearchTest" time="2.195"/>
  <testcase name="sendInquiryWithoutFirstName" classname="Selenium.CroatiaDirect.PropertyInquiriesTest" time="5.051"/>
  <testcase name="searchOnAccomodationTypePages" classname="Selenium.CroatiaDirect.AccommodationSearchTest" time="7.125"/>
  <testcase name="searchOnAccomodationTypePages" classname="Selenium.CroatiaDirect.AccommodationSearchTest" time="3.969"/>
  <testcase name="searchOnAccomodationTypePages" classname="Selenium.CroatiaDirect.AccommodationSearchTest" time="4.672"/>
  <testcase name="searchOnAccomodationTypePages" classname="Selenium.CroatiaDirect.AccommodationSearchTest" time="2.471"/>
  <testcase name="sendInquiryWithoutInquiryTextFieldEntry" classname="Selenium.CroatiaDirect.PropertyInquiriesTest" time="0.077"/>
  <testcase name="sendInquiryWithoutLastName" classname="Selenium.CroatiaDirect.PropertyInquiriesTest" time="2.709"/>
  <testcase name="sendInquiryWithoutNumberOfAdults" classname="Selenium.CroatiaDirect.PropertyInquiriesTest" time="2.675"/>
  <testcase name="selectCurrencyAfterEnteringSearchCriteria" classname="Selenium.CroatiaDirect.CountryCurrencyTest" time="0.671">
    <failure message="expected [true] but found [false]" type="java.lang.AssertionError">java.lang.AssertionError: expected [true] but found [false]
	at Selenium.CroatiaDirect.CountryCurrencyTest.selectCurrencyAfterEnteringSearchCriteria(CountryCurrencyTest.java:49)
</failure>
    <system-err><![CDATA[Starting ChromeDriver 108.0.5359.71 (1e0e3868ee06e91ad636a874420e3ca3ae3756ac-refs/branch-heads/5359@{#1016}) on port 7880
Only local connections are allowed.
Please see https://chromedriver.chromium.org/security-considerations for suggestions on keeping ChromeDriver safe.
ChromeDriver was started successfully.
dec 17, 2022 8:54:58 POPODNE org.openqa.selenium.devtools.CdpVersionFinder findNearestMatch
WARNING: Unable to find an exact match for CDP version 108, so returning the closest version found: 106
]]></system-err>
  </testcase>
  <testcase name="sendInquiryWithoutSelectingUnit" classname="Selenium.CroatiaDirect.PropertyInquiriesTest" time="4.845"/>
  <testcase name="selectCurrencyBeforeSearch" classname="Selenium.CroatiaDirect.CountryCurrencyTest" time="4.018"/>
  <testcase name="selectCurrencyBeforeSearch" classname="Selenium.CroatiaDirect.CountryCurrencyTest" time="4.855"/>
  <testcase name="selectCurrencyBeforeSearch" classname="Selenium.CroatiaDirect.CountryCurrencyTest" time="4.646"/>
  <testcase name="selectCurrencyBeforeSearch" classname="Selenium.CroatiaDirect.CountryCurrencyTest" time="4.933"/>
  <testcase name="selectCurrencyBeforeSearch" classname="Selenium.CroatiaDirect.CountryCurrencyTest" time="6.646"/>
  <testcase name="selectCurrencyBeforeSearch" classname="Selenium.CroatiaDirect.CountryCurrencyTest" time="3.962"/>
  <testcase name="selectCurrencyBeforeSearch" classname="Selenium.CroatiaDirect.CountryCurrencyTest" time="4.006"/>
  <testcase name="selectCurrencyBeforeSearch" classname="Selenium.CroatiaDirect.CountryCurrencyTest" time="4.392"/>
  <testcase name="selectCurrencyBeforeSearch" classname="Selenium.CroatiaDirect.CountryCurrencyTest" time="6.342"/>
  <testcase name="selectCurrencyBeforeSearch" classname="Selenium.CroatiaDirect.CountryCurrencyTest" time="4.107"/>
  <testcase name="selectCurrencyBeforeSearch" classname="Selenium.CroatiaDirect.CountryCurrencyTest" time="4.063"/>
  <testcase name="selectCurrencyBeforeSearch" classname="Selenium.CroatiaDirect.CountryCurrencyTest" time="4.5"/>
  <testcase name="selectCurrencyBeforeSearch" classname="Selenium.CroatiaDirect.CountryCurrencyTest" time="4.264"/>
  <testcase name="verifySearchBarAndAccomodationTypeDropdown" classname="Selenium.CroatiaDirect.AccommodationSearchTest" time="12.297"/>
</testsuite>